This is pdfTeX, Version 3.14159265-2.6-1.40.20 (MiKTeX 2.9.7050 64-bit) (preloaded format=pdflatex 2019.6.2)  20 JUN 2019 12:29
entering extended mode
**./referat.tex
(referat.tex
LaTeX2e <2018-12-01>
(styles/report.cls

LaTeX Warning: You have requested document class `styles/report',
               but the document class provides `report'.

Document Class: report 2001/04/21 v1.4e Standard LaTeX document class
("D:\Soft\MiKTeX 2.9\tex/latex/base\size12.clo"
File: size12.clo 2018/09/03 v1.4i Standard LaTeX file (size option)
)
\c@part=\count80
\c@chapter=\count81
\c@section=\count82
\c@subsection=\count83
\c@subsubsection=\count84
\c@paragraph=\count85
\c@subparagraph=\count86
\c@figure=\count87
\c@table=\count88
\abovecaptionskip=\skip41
\belowcaptionskip=\skip42
\bibindent=\dimen102
)
(C:\Users\User\AppData\Roaming\MiKTeX\2.9\tex/latex/t2\mathtext.sty
Package: mathtext 2018/04/13 v1.1 transparent text-and-math defs
LaTeX Info: Redefining \halign on input line 119.
)
("D:\Soft\MiKTeX 2.9\tex/latex/base\fontenc.sty"
Package: fontenc 2018/08/11 v2.0j Standard LaTeX package

("D:\Soft\MiKTeX 2.9\tex/latex/cyrillic\t2aenc.def"
File: t2aenc.def 2005/09/27 v1.0i Cyrillic encoding definition file
Now handling font encoding T2A ...
... processing UTF-8 mapping file for font encoding T2A

("D:\Soft\MiKTeX 2.9\tex/latex/base\t2aenc.dfu"
File: t2aenc.dfu 2018/10/05 v1.2f UTF-8 support for inputenc
   defining Unicode char U+00A4 (decimal 164)
   defining Unicode char U+00A7 (decimal 167)
   defining Unicode char U+00AB (decimal 171)
   defining Unicode char U+00BB (decimal 187)
   defining Unicode char U+0131 (decimal 305)
   defining Unicode char U+0237 (decimal 567)
   defining Unicode char U+0400 (decimal 1024)
   defining Unicode char U+0401 (decimal 1025)
   defining Unicode char U+0402 (decimal 1026)
   defining Unicode char U+0403 (decimal 1027)
   defining Unicode char U+0404 (decimal 1028)
   defining Unicode char U+0405 (decimal 1029)
   defining Unicode char U+0406 (decimal 1030)
   defining Unicode char U+0407 (decimal 1031)
   defining Unicode char U+0408 (decimal 1032)
   defining Unicode char U+0409 (decimal 1033)
   defining Unicode char U+040A (decimal 1034)
   defining Unicode char U+040B (decimal 1035)
   defining Unicode char U+040C (decimal 1036)
   defining Unicode char U+040D (decimal 1037)
   defining Unicode char U+040E (decimal 1038)
   defining Unicode char U+040F (decimal 1039)
   defining Unicode char U+0410 (decimal 1040)
   defining Unicode char U+0411 (decimal 1041)
   defining Unicode char U+0412 (decimal 1042)
   defining Unicode char U+0413 (decimal 1043)
   defining Unicode char U+0414 (decimal 1044)
   defining Unicode char U+0415 (decimal 1045)
   defining Unicode char U+0416 (decimal 1046)
   defining Unicode char U+0417 (decimal 1047)
   defining Unicode char U+0418 (decimal 1048)
   defining Unicode char U+0419 (decimal 1049)
   defining Unicode char U+041A (decimal 1050)
   defining Unicode char U+041B (decimal 1051)
   defining Unicode char U+041C (decimal 1052)
   defining Unicode char U+041D (decimal 1053)
   defining Unicode char U+041E (decimal 1054)
   defining Unicode char U+041F (decimal 1055)
   defining Unicode char U+0420 (decimal 1056)
   defining Unicode char U+0421 (decimal 1057)
   defining Unicode char U+0422 (decimal 1058)
   defining Unicode char U+0423 (decimal 1059)
   defining Unicode char U+0424 (decimal 1060)
   defining Unicode char U+0425 (decimal 1061)
   defining Unicode char U+0426 (decimal 1062)
   defining Unicode char U+0427 (decimal 1063)
   defining Unicode char U+0428 (decimal 1064)
   defining Unicode char U+0429 (decimal 1065)
   defining Unicode char U+042A (decimal 1066)
   defining Unicode char U+042B (decimal 1067)
   defining Unicode char U+042C (decimal 1068)
   defining Unicode char U+042D (decimal 1069)
   defining Unicode char U+042E (decimal 1070)
   defining Unicode char U+042F (decimal 1071)
   defining Unicode char U+0430 (decimal 1072)
   defining Unicode char U+0431 (decimal 1073)
   defining Unicode char U+0432 (decimal 1074)
   defining Unicode char U+0433 (decimal 1075)
   defining Unicode char U+0434 (decimal 1076)
   defining Unicode char U+0435 (decimal 1077)
   defining Unicode char U+0436 (decimal 1078)
   defining Unicode char U+0437 (decimal 1079)
   defining Unicode char U+0438 (decimal 1080)
   defining Unicode char U+0439 (decimal 1081)
   defining Unicode char U+043A (decimal 1082)
   defining Unicode char U+043B (decimal 1083)
   defining Unicode char U+043C (decimal 1084)
   defining Unicode char U+043D (decimal 1085)
   defining Unicode char U+043E (decimal 1086)
   defining Unicode char U+043F (decimal 1087)
   defining Unicode char U+0440 (decimal 1088)
   defining Unicode char U+0441 (decimal 1089)
   defining Unicode char U+0442 (decimal 1090)
   defining Unicode char U+0443 (decimal 1091)
   defining Unicode char U+0444 (decimal 1092)
   defining Unicode char U+0445 (decimal 1093)
   defining Unicode char U+0446 (decimal 1094)
   defining Unicode char U+0447 (decimal 1095)
   defining Unicode char U+0448 (decimal 1096)
   defining Unicode char U+0449 (decimal 1097)
   defining Unicode char U+044A (decimal 1098)
   defining Unicode char U+044B (decimal 1099)
   defining Unicode char U+044C (decimal 1100)
   defining Unicode char U+044D (decimal 1101)
   defining Unicode char U+044E (decimal 1102)
   defining Unicode char U+044F (decimal 1103)
   defining Unicode char U+0450 (decimal 1104)
   defining Unicode char U+0451 (decimal 1105)
   defining Unicode char U+0452 (decimal 1106)
   defining Unicode char U+0453 (decimal 1107)
   defining Unicode char U+0454 (decimal 1108)
   defining Unicode char U+0455 (decimal 1109)
   defining Unicode char U+0456 (decimal 1110)
   defining Unicode char U+0457 (decimal 1111)
   defining Unicode char U+0458 (decimal 1112)
   defining Unicode char U+0459 (decimal 1113)
   defining Unicode char U+045A (decimal 1114)
   defining Unicode char U+045B (decimal 1115)
   defining Unicode char U+045C (decimal 1116)
   defining Unicode char U+045D (decimal 1117)
   defining Unicode char U+045E (decimal 1118)
   defining Unicode char U+045F (decimal 1119)
   defining Unicode char U+0490 (decimal 1168)
   defining Unicode char U+0491 (decimal 1169)
   defining Unicode char U+0492 (decimal 1170)
   defining Unicode char U+0493 (decimal 1171)
   defining Unicode char U+0496 (decimal 1174)
   defining Unicode char U+0497 (decimal 1175)
   defining Unicode char U+0498 (decimal 1176)
   defining Unicode char U+0499 (decimal 1177)
   defining Unicode char U+049A (decimal 1178)
   defining Unicode char U+049B (decimal 1179)
   defining Unicode char U+049C (decimal 1180)
   defining Unicode char U+049D (decimal 1181)
   defining Unicode char U+04A0 (decimal 1184)
   defining Unicode char U+04A1 (decimal 1185)
   defining Unicode char U+04A2 (decimal 1186)
   defining Unicode char U+04A3 (decimal 1187)
   defining Unicode char U+04A4 (decimal 1188)
   defining Unicode char U+04A5 (decimal 1189)
   defining Unicode char U+04AA (decimal 1194)
   defining Unicode char U+04AB (decimal 1195)
   defining Unicode char U+04AE (decimal 1198)
   defining Unicode char U+04AF (decimal 1199)
   defining Unicode char U+04B0 (decimal 1200)
   defining Unicode char U+04B1 (decimal 1201)
   defining Unicode char U+04B2 (decimal 1202)
   defining Unicode char U+04B3 (decimal 1203)
   defining Unicode char U+04B6 (decimal 1206)
   defining Unicode char U+04B7 (decimal 1207)
   defining Unicode char U+04B8 (decimal 1208)
   defining Unicode char U+04B9 (decimal 1209)
   defining Unicode char U+04BA (decimal 1210)
   defining Unicode char U+04BB (decimal 1211)
   defining Unicode char U+04C0 (decimal 1216)
   defining Unicode char U+04C1 (decimal 1217)
   defining Unicode char U+04C2 (decimal 1218)
   defining Unicode char U+04D0 (decimal 1232)
   defining Unicode char U+04D1 (decimal 1233)
   defining Unicode char U+04D2 (decimal 1234)
   defining Unicode char U+04D3 (decimal 1235)
   defining Unicode char U+04D4 (decimal 1236)
   defining Unicode char U+04D5 (decimal 1237)
   defining Unicode char U+04D6 (decimal 1238)
   defining Unicode char U+04D7 (decimal 1239)
   defining Unicode char U+04D8 (decimal 1240)
   defining Unicode char U+04D9 (decimal 1241)
   defining Unicode char U+04DA (decimal 1242)
   defining Unicode char U+04DB (decimal 1243)
   defining Unicode char U+04DC (decimal 1244)
   defining Unicode char U+04DD (decimal 1245)
   defining Unicode char U+04DE (decimal 1246)
   defining Unicode char U+04DF (decimal 1247)
   defining Unicode char U+04E2 (decimal 1250)
   defining Unicode char U+04E3 (decimal 1251)
   defining Unicode char U+04E4 (decimal 1252)
   defining Unicode char U+04E5 (decimal 1253)
   defining Unicode char U+04E6 (decimal 1254)
   defining Unicode char U+04E7 (decimal 1255)
   defining Unicode char U+04E8 (decimal 1256)
   defining Unicode char U+04E9 (decimal 1257)
   defining Unicode char U+04EC (decimal 1260)
   defining Unicode char U+04ED (decimal 1261)
   defining Unicode char U+04EE (decimal 1262)
   defining Unicode char U+04EF (decimal 1263)
   defining Unicode char U+04F0 (decimal 1264)
   defining Unicode char U+04F1 (decimal 1265)
   defining Unicode char U+04F2 (decimal 1266)
   defining Unicode char U+04F3 (decimal 1267)
   defining Unicode char U+04F4 (decimal 1268)
   defining Unicode char U+04F5 (decimal 1269)
   defining Unicode char U+04F8 (decimal 1272)
   defining Unicode char U+04F9 (decimal 1273)
   defining Unicode char U+200C (decimal 8204)
   defining Unicode char U+2013 (decimal 8211)
   defining Unicode char U+2014 (decimal 8212)
   defining Unicode char U+2018 (decimal 8216)
   defining Unicode char U+2019 (decimal 8217)
   defining Unicode char U+201C (decimal 8220)
   defining Unicode char U+201D (decimal 8221)
   defining Unicode char U+201E (decimal 8222)
   defining Unicode char U+2030 (decimal 8240)
   defining Unicode char U+2031 (decimal 8241)
   defining Unicode char U+2116 (decimal 8470)
   defining Unicode char U+2329 (decimal 9001)
   defining Unicode char U+232A (decimal 9002)
   defining Unicode char U+2423 (decimal 9251)
)
\symT2Aletters=\mathgroup4
)
LaTeX Font Info:    Try loading font information for T2A+cmr on input line 105.


("D:\Soft\MiKTeX 2.9\tex/latex/cyrillic\t2acmr.fd"
File: t2acmr.fd 2001/08/11 v1.0a Computer Modern Cyrillic font definitions
))
("D:\Soft\MiKTeX 2.9\tex/latex/base\inputenc.sty"
Package: inputenc 2018/08/11 v1.3c Input encoding file
\inpenc@prehook=\toks14
\inpenc@posthook=\toks15

(C:\Users\User\AppData\Roaming\MiKTeX\2.9\tex/latex/ucs\utf8x.def
File: utf8x.def 2004/10/17 UCS: Input encoding UTF-8
))
(C:\Users\User\AppData\Roaming\MiKTeX\2.9\tex/latex/ucs\ucs.sty
Package: ucs 2013/05/11 v2.2 UCS: Unicode input support

(C:\Users\User\AppData\Roaming\MiKTeX\2.9\tex/latex/ucs\uni-global.def
File: uni-global.def 2013/05/13 UCS: Unicode global data
)
\uc@secondtry=\count89
\uc@combtoks=\toks16
\uc@combtoksb=\toks17
\uc@temptokena=\toks18
)
("D:\Soft\MiKTeX 2.9\tex/generic/babel\babel.sty"
Package: babel 2019/05/04 3.31 The Babel package

("D:\Soft\MiKTeX 2.9\tex/generic/babel\switch.def"
File: switch.def 2019/05/04 3.31 Babel switching mechanism
)
*************************************
* Local config file bblopts.cfg used
*
(C:\Users\User\AppData\Roaming\MiKTeX\2.9\tex/latex/arabi\bblopts.cfg
File: bblopts.cfg 2005/09/08 v0.1 add Arabic and Farsi to "declared" options of
 babel
)
("D:\Soft\MiKTeX 2.9\tex/latex/babel-english\english.ldf"
Language: english 2017/06/06 v3.3r English support from the babel system

("D:\Soft\MiKTeX 2.9\tex/generic/babel\babel.def"
File: babel.def 2019/05/04 3.31 Babel common definitions
\babel@savecnt=\count90
\U@D=\dimen103

("D:\Soft\MiKTeX 2.9\tex/generic/babel\txtbabel.def")
\bbl@dirlevel=\count91
)
\l@canadian = a dialect from \language\l@american 
\l@australian = a dialect from \language\l@british 
\l@newzealand = a dialect from \language\l@british 
)
(C:\Users\User\AppData\Roaming\MiKTeX\2.9\tex/latex/babel-russian\russianb.ldf
Language: russian 2017/08/12 1.3j Russian support for the Babel system
Package babel Info: Making " an active character on input line 120.
Package babel Info: Default for \cyrdash is provided on input line 157.
)) (C:\Users\User\AppData\Roaming\MiKTeX\2.9\tex/latex/textcase\textcase.sty
Package: textcase 2004/10/07 v0.07 Text only upper/lower case changing (DPC)
)
("D:\Soft\MiKTeX 2.9\tex/latex/graphics\color.sty"
Package: color 2016/07/10 v1.1e Standard LaTeX Color (DPC)

("D:\Soft\MiKTeX 2.9\tex/latex/graphics-cfg\color.cfg"
File: color.cfg 2016/01/02 v1.6 sample color configuration
)
Package color Info: Driver file: pdftex.def on input line 147.

("D:\Soft\MiKTeX 2.9\tex/latex/graphics-def\pdftex.def"
File: pdftex.def 2018/01/08 v1.0l Graphics/color driver for pdftex
))
(C:\Users\User\AppData\Roaming\MiKTeX\2.9\tex/latex/listings\listings.sty
("D:\Soft\MiKTeX 2.9\tex/latex/graphics\keyval.sty"
Package: keyval 2014/10/28 v1.15 key=value parser (DPC)
\KV@toks@=\toks19
)
\lst@mode=\count92
\lst@gtempboxa=\box27
\lst@token=\toks20
\lst@length=\count93
\lst@currlwidth=\dimen104
\lst@column=\count94
\lst@pos=\count95
\lst@lostspace=\dimen105
\lst@width=\dimen106
\lst@newlines=\count96
\lst@lineno=\count97
\lst@maxwidth=\dimen107

(C:\Users\User\AppData\Roaming\MiKTeX\2.9\tex/latex/listings\lstmisc.sty
File: lstmisc.sty 2019/02/27 1.8b (Carsten Heinz)
\c@lstnumber=\count98
\lst@skipnumbers=\count99
\lst@framebox=\box28
)
(C:\Users\User\AppData\Roaming\MiKTeX\2.9\tex/latex/listings\listings.cfg
File: listings.cfg 2019/02/27 1.8b listings configuration
))
Package: listings 2019/02/27 1.8b (Carsten Heinz)

(C:\Users\User\AppData\Roaming\MiKTeX\2.9\tex/latex/listings\lstlang1.sty
File: lstlang1.sty 2019/02/27 1.8b listings language file
)
\@input{styles/preable.aux}
\openout2 = `styles/preable.aux'.

(styles/preable.tex ("D:\Soft\MiKTeX 2.9\tex/latex/graphics\graphics.sty"
Package: graphics 2017/06/25 v1.2c Standard LaTeX Graphics (DPC,SPQR)

("D:\Soft\MiKTeX 2.9\tex/latex/graphics\trig.sty"
Package: trig 2016/01/03 v1.10 sin cos tan (DPC)
)
("D:\Soft\MiKTeX 2.9\tex/latex/graphics-cfg\graphics.cfg"
File: graphics.cfg 2016/06/04 v1.11 sample graphics configuration
)
Package graphics Info: Driver file: pdftex.def on input line 99.
)
("D:\Soft\MiKTeX 2.9\tex/latex/graphics\graphicx.sty"
Package: graphicx 2017/06/01 v1.1a Enhanced LaTeX Graphics (DPC,SPQR)
\Gin@req@height=\dimen108
\Gin@req@width=\dimen109
)
("D:\Soft\MiKTeX 2.9\tex/latex/hyperref\hyperref.sty"
Package: hyperref 2018/11/30 v6.88e Hypertext links for LaTeX

("D:\Soft\MiKTeX 2.9\tex/generic/oberdiek\hobsub-hyperref.sty"
Package: hobsub-hyperref 2016/05/16 v1.14 Bundle oberdiek, subset hyperref (HO)


("D:\Soft\MiKTeX 2.9\tex/generic/oberdiek\hobsub-generic.sty"
Package: hobsub-generic 2016/05/16 v1.14 Bundle oberdiek, subset generic (HO)
Package: hobsub 2016/05/16 v1.14 Construct package bundles (HO)
Package: infwarerr 2016/05/16 v1.4 Providing info/warning/error messages (HO)
Package: ltxcmds 2016/05/16 v1.23 LaTeX kernel commands for general use (HO)
Package: ifluatex 2016/05/16 v1.4 Provides the ifluatex switch (HO)
Package ifluatex Info: LuaTeX not detected.
Package: ifvtex 2016/05/16 v1.6 Detect VTeX and its facilities (HO)
Package ifvtex Info: VTeX not detected.
Package: intcalc 2016/05/16 v1.2 Expandable calculations with integers (HO)
Package: ifpdf 2018/09/07 v3.3 Provides the ifpdf switch
Package: etexcmds 2016/05/16 v1.6 Avoid name clashes with e-TeX commands (HO)
Package: kvsetkeys 2016/05/16 v1.17 Key value parser (HO)
Package: kvdefinekeys 2016/05/16 v1.4 Define keys (HO)
Package: pdftexcmds 2018/09/10 v0.29 Utility functions of pdfTeX for LuaTeX (HO
)
Package pdftexcmds Info: LuaTeX not detected.
Package pdftexcmds Info: \pdf@primitive is available.
Package pdftexcmds Info: \pdf@ifprimitive is available.
Package pdftexcmds Info: \pdfdraftmode found.
Package: pdfescape 2016/05/16 v1.14 Implements pdfTeX's escape features (HO)
Package: bigintcalc 2016/05/16 v1.4 Expandable calculations on big integers (HO
)
Package: bitset 2016/05/16 v1.2 Handle bit-vector datatype (HO)
Package: uniquecounter 2016/05/16 v1.3 Provide unlimited unique counter (HO)
)
Package hobsub Info: Skipping package `hobsub' (already loaded).
Package: letltxmacro 2016/05/16 v1.5 Let assignment for LaTeX macros (HO)
Package: hopatch 2016/05/16 v1.3 Wrapper for package hooks (HO)
Package: xcolor-patch 2016/05/16 xcolor patch
Package: atveryend 2016/05/16 v1.9 Hooks at the very end of document (HO)
Package atveryend Info: \enddocument detected (standard20110627).
Package: atbegshi 2016/06/09 v1.18 At begin shipout hook (HO)
Package: refcount 2016/05/16 v3.5 Data extraction from label references (HO)
Package: hycolor 2016/05/16 v1.8 Color options for hyperref/bookmark (HO)
)
("D:\Soft\MiKTeX 2.9\tex/generic/ifxetex\ifxetex.sty"
Package: ifxetex 2010/09/12 v0.6 Provides ifxetex conditional
)
("D:\Soft\MiKTeX 2.9\tex/latex/oberdiek\auxhook.sty"
Package: auxhook 2016/05/16 v1.4 Hooks for auxiliary files (HO)
)
("D:\Soft\MiKTeX 2.9\tex/latex/oberdiek\kvoptions.sty"
Package: kvoptions 2016/05/16 v3.12 Key value format for package options (HO)
)
\@linkdim=\dimen110
\Hy@linkcounter=\count100
\Hy@pagecounter=\count101

("D:\Soft\MiKTeX 2.9\tex/latex/hyperref\pd1enc.def"
File: pd1enc.def 2018/11/30 v6.88e Hyperref: PDFDocEncoding definition (HO)
)
\Hy@SavedSpaceFactor=\count102
Package hyperref Info: Option `unicode' set `true' on input line 3475.

("D:\Soft\MiKTeX 2.9\tex/latex/hyperref\puenc.def"
File: puenc.def 2018/11/30 v6.88e Hyperref: PDF Unicode definition (HO)
)
("D:\Soft\MiKTeX 2.9\tex/latex/00miktex\hyperref.cfg"
File: hyperref.cfg 2002/06/06 v1.2 hyperref configuration of TeXLive
)
Package hyperref Info: Hyper figures OFF on input line 4519.
Package hyperref Info: Link nesting OFF on input line 4524.
Package hyperref Info: Hyper index ON on input line 4527.
Package hyperref Info: Plain pages OFF on input line 4534.
Package hyperref Info: Backreferencing OFF on input line 4539.
Package hyperref Info: Implicit mode ON; LaTeX internals redefined.
Package hyperref Info: Bookmarks ON on input line 4772.
\c@Hy@tempcnt=\count103

(C:\Users\User\AppData\Roaming\MiKTeX\2.9\tex/latex/url\url.sty
\Urlmuskip=\muskip10
Package: url 2013/09/16  ver 3.4  Verb mode for urls, etc.
)
LaTeX Info: Redefining \url on input line 5125.
\XeTeXLinkMargin=\dimen111
\Fld@menulength=\count104
\Field@Width=\dimen112
\Fld@charsize=\dimen113
Package hyperref Info: Hyper figures OFF on input line 6380.
Package hyperref Info: Link nesting OFF on input line 6385.
Package hyperref Info: Hyper index ON on input line 6388.
Package hyperref Info: backreferencing OFF on input line 6395.
Package hyperref Info: Link coloring OFF on input line 6400.
Package hyperref Info: Link coloring with OCG OFF on input line 6405.
Package hyperref Info: PDF/A mode OFF on input line 6410.
LaTeX Info: Redefining \ref on input line 6450.
LaTeX Info: Redefining \pageref on input line 6454.
\Hy@abspage=\count105
\c@Item=\count106
\c@Hfootnote=\count107
)
Package hyperref Info: Driver (autodetected): hpdftex.

("D:\Soft\MiKTeX 2.9\tex/latex/hyperref\hpdftex.def"
File: hpdftex.def 2018/11/30 v6.88e Hyperref driver for pdfTeX
\Fld@listcount=\count108
\c@bookmark@seq@number=\count109

("D:\Soft\MiKTeX 2.9\tex/latex/oberdiek\rerunfilecheck.sty"
Package: rerunfilecheck 2016/05/16 v1.8 Rerun checks for auxiliary files (HO)
Package uniquecounter Info: New unique counter `rerunfilecheck' on input line 2
82.
)
\Hy@SectionHShift=\skip43
)
("D:\Soft\MiKTeX 2.9\tex/latex/base\latexsym.sty"
Package: latexsym 1998/08/17 v2.2e Standard LaTeX package (lasy symbols)
\symlasy=\mathgroup5
LaTeX Font Info:    Overwriting symbol font `lasy' in version `bold'
(Font)                  U/lasy/m/n --> U/lasy/b/n on input line 52.
) (styles/axodraw.sty
(C:\Users\User\AppData\Roaming\MiKTeX\2.9\tex/latex/epsf\epsf.sty
This is `epsf.tex' v2.7.4 <14 February 2011>
\epsffilein=\read1
\epsfframemargin=\dimen114
\epsfframethickness=\dimen115
\epsfrsize=\dimen116
\epsftmp=\dimen117
\epsftsize=\dimen118
\epsfxsize=\dimen119
\epsfysize=\dimen120
\pspoints=\dimen121
) ("D:\Soft\MiKTeX 2.9\tex/generic/dvips\colordvi.sty")
("D:\Soft\MiKTeX 2.9\tex/generic/dvips\rotate.tex"
\rotdimen=\dimen122
))
("D:\Soft\MiKTeX 2.9\tex/latex/tools\indentfirst.sty"
Package: indentfirst 1995/11/23 v1.03 Indent first paragraph (DPC)
)
(C:\Users\User\AppData\Roaming\MiKTeX\2.9\tex/latex/cite\cite.sty
LaTeX Info: Redefining \cite on input line 302.
LaTeX Info: Redefining \nocite on input line 332.
Package: cite 2015/02/27  v 5.5
)
(styles/caption-disser.sty

LaTeX Warning: You have requested package `styles/caption-disser',
               but the package provides `caption'.

Package: caption 1995/04/05 v1.4b caption package (AS)
\captionmargin=\skip44
\as@captionbox=\box29
\as@captionwidth=\skip45
) ("D:\Soft\MiKTeX 2.9\tex/latex/float\float.sty"
Package: float 2001/11/08 v1.3d Float enhancements (AL)
\c@float@type=\count110
\float@exts=\toks21
\float@box=\box30
\@float@everytoks=\toks22
\@floatcapt=\box31
)

! LaTeX Error: Option clash for package color.

See the LaTeX manual or LaTeX Companion for explanation.
Type  H <return>  for immediate help.
 ...                                              
                                                  
l.46 \definecolor
                 {Black}{named}{Black}
The package color has already been loaded with options:
  []
There has now been an attempt to load it with options
  [dvips]
Adding the global options:
  ,dvips
to your \documentclass declaration may fix this.
Try typing  <return>  to proceed.


! Package color Error: Undefined color `Black'.

See the color package documentation for explanation.
Type  H <return>  for immediate help.
 ...                                              
                                                  
l.46 \definecolor{Black}{named}{Black}
                                      
You're in trouble here.  Try typing  <return>  to proceed.
If that doesn't work, type  X <return>  to quit.


! Package color Error: Undefined color `Red'.

See the color package documentation for explanation.
Type  H <return>  for immediate help.
 ...                                              
                                                  
l.47 \definecolor{Red}{named}{Red}
                                  
You're in trouble here.  Try typing  <return>  to proceed.
If that doesn't work, type  X <return>  to quit.


! Package color Error: Undefined color `Blue'.

See the color package documentation for explanation.
Type  H <return>  for immediate help.
 ...                                              
                                                  
l.48 \definecolor{Blue}{named}{Blue}
                                    
You're in trouble here.  Try typing  <return>  to proceed.
If that doesn't work, type  X <return>  to quit.

) (referat.aux (src/title_referat.aux) (src/introduction.aux)
(src/general-description.aux) (src/attachment-1.aux))
\openout1 = `referat.aux'.

LaTeX Font Info:    Checking defaults for OML/cmm/m/it on input line 40.
LaTeX Font Info:    ... okay on input line 40.
LaTeX Font Info:    Checking defaults for T1/cmr/m/n on input line 40.
LaTeX Font Info:    ... okay on input line 40.
LaTeX Font Info:    Checking defaults for OT1/cmr/m/n on input line 40.
LaTeX Font Info:    ... okay on input line 40.
LaTeX Font Info:    Checking defaults for OMS/cmsy/m/n on input line 40.
LaTeX Font Info:    ... okay on input line 40.
LaTeX Font Info:    Checking defaults for OMX/cmex/m/n on input line 40.
LaTeX Font Info:    ... okay on input line 40.
LaTeX Font Info:    Checking defaults for U/cmr/m/n on input line 40.
LaTeX Font Info:    ... okay on input line 40.
LaTeX Font Info:    Checking defaults for T2A/cmr/m/n on input line 40.
LaTeX Font Info:    ... okay on input line 40.
LaTeX Font Info:    Checking defaults for PD1/pdf/m/n on input line 40.
LaTeX Font Info:    ... okay on input line 40.
LaTeX Font Info:    Checking defaults for PU/pdf/m/n on input line 40.
LaTeX Font Info:    ... okay on input line 40.

(C:\Users\User\AppData\Roaming\MiKTeX\2.9\tex/latex/ucs\ucsencs.def
File: ucsencs.def 2011/01/21 Fixes to fontencodings LGR, T3
)
(C:\Users\User\AppData\Roaming\MiKTeX\2.9\tex/context/base/mkii\supp-pdf.mkii
[Loading MPS to PDF converter (version 2006.09.02).]
\scratchcounter=\count111
\scratchdimen=\dimen123
\scratchbox=\box32
\nofMPsegments=\count112
\nofMParguments=\count113
\everyMPshowfont=\toks23
\MPscratchCnt=\count114
\MPscratchDim=\dimen124
\MPnumerator=\count115
\makeMPintoPDFobject=\count116
\everyMPtoPDFconversion=\toks24
) ("D:\Soft\MiKTeX 2.9\tex/latex/oberdiek\epstopdf-base.sty"
Package: epstopdf-base 2016/05/15 v2.6 Base part for package epstopdf

("D:\Soft\MiKTeX 2.9\tex/latex/oberdiek\grfext.sty"
Package: grfext 2016/05/16 v1.2 Manage graphics extensions (HO)
)
Package epstopdf-base Info: Redefining graphics rule for `.eps' on input line 4
38.
Package grfext Info: Graphics extension search list:
(grfext)             [.pdf,.png,.jpg,.mps,.jpeg,.jbig2,.jb2,.PDF,.PNG,.JPG,.JPE
G,.JBIG2,.JB2,.eps]
(grfext)             \AppendGraphicsExtensions on input line 456.
)
\c@lstlisting=\count117
\AtBeginShipoutBox=\box33
Package hyperref Info: Link coloring OFF on input line 40.

("D:\Soft\MiKTeX 2.9\tex/latex/hyperref\nameref.sty"
Package: nameref 2016/05/21 v2.44 Cross-referencing by name of section

("D:\Soft\MiKTeX 2.9\tex/generic/oberdiek\gettitlestring.sty"
Package: gettitlestring 2016/05/16 v1.5 Cleanup title references (HO)
)
\c@section@level=\count118
)
LaTeX Info: Redefining \ref on input line 40.
LaTeX Info: Redefining \pageref on input line 40.
LaTeX Info: Redefining \nameref on input line 40.
 (referat.out)
(referat.out)
\@outlinefile=\write3
\openout3 = `referat.out'.

\openout2 = `src/title_referat.aux'.

 (src/title_referat.tex
(C:\Users\User\AppData\Roaming\MiKTeX\2.9\tex/latex/ucs\uni-4.def
File: uni-4.def 2013/05/13 UCS: Unicode data U+0400..U+04FF
)
(C:\Users\User\AppData\Roaming\MiKTeX\2.9\tex/latex/ucs\uni-0.def
File: uni-0.def 2013/05/13 UCS: Unicode data U+0000..U+00FF
)
LaTeX Font Info:    External font `cmex10' loaded for size
(Font)              <14.4> on input line 15.
LaTeX Font Info:    External font `cmex10' loaded for size
(Font)              <7> on input line 15.
LaTeX Font Info:    Try loading font information for U+lasy on input line 15.

("D:\Soft\MiKTeX 2.9\tex/latex/base\ulasy.fd"
File: ulasy.fd 1998/08/17 v2.2e LaTeX symbol font definitions
)
(C:\Users\User\AppData\Roaming\MiKTeX\2.9\tex/latex/ucs\uni-32.def
File: uni-32.def 2013/05/13 UCS: Unicode data U+2000..U+20FF
) [1



Non-PDF special ignored!
<special> background White
Non-PDF special ignored!
<special> color Black
Non-PDF special ignored!
<special> ! /ed{exch def}def /gs{gsave dup scale}def /gsw{gs /width ed widt...
Non-PDF special ignored!
<special> ! /arrowdown{ /nwidth { width 1 add } def newpath 0 nwidth 1.5 mu...
Non-PDF special ignored!
<special> ! /arrowup{ /nwidth { width 1 add } def newpath 0 nwidth 1.5 mul ...
Non-PDF special ignored!
<special> ! /arrowright{ /nwidth { width 1 add } def newpath nwidth 1.5 mul...
Non-PDF special ignored!
<special> ! /gluon{ gsw /num ed /ampi ed /dy ed /dx ed p1 /dy dy y1 sub def...
Non-PDF special ignored!
<special> ! /photon{ gsw /num ed /ampi ed p2 p1 /dy y2 y1 sub def /dx x2 x1...
Non-PDF special ignored!
<special> ! /zigzag{ gsw /num ed /ampi ed p2 p1 /dy y2 y1 sub def /dx x2 x1...
Non-PDF special ignored!
<special> ! /photonarc{ gsw /num ed /ampli ed /arcend ed /arcstart ed /radi...
Non-PDF special ignored!
<special> ! /gluearc{ gsw /num ed /ampi ed /arcend ed /arcstart ed /radius ...
Non-PDF special ignored!
<special> ! /arrowarc{ gsw /arcend ed /arcstart ed /radius ed translate new...
Non-PDF special ignored!
<special> ! /longarrowarc{ gsw /arcend ed /arcstart ed /radius ed translate...
Non-PDF special ignored!
<special> ! /dasharrowarc{ gsw /dsize ed /arcend1 ed /arcstart1 ed /radius ...
Non-PDF special ignored!
<special> ! /arrowarcn{ gsw /arcend ed /arcstart ed /radius ed translate ne...
Non-PDF special ignored!
<special> ! /longarrowarcn{ gsw /arcend ed /arcstart ed /radius ed translat...
Non-PDF special ignored!
<special> ! /dasharrowarcn{ gsw /dsize ed /arcend1 ed /arcstart1 ed /radius...
Non-PDF special ignored!
<special> ! /arrowline{ gsw p2 p1 /dx x2 x1 sub def /dy y2 y1 sub def /dr d...
Non-PDF special ignored!
<special> ! /longarrow{ gsw p2 p1 /dx x2 x1 sub def /dy y2 y1 sub def /dr d...
Non-PDF special ignored!
<special> ! /dasharrowline{ gsw /dsize ed p2 p1 /dx x2 x1 sub def /dy y2 y1...
Non-PDF special ignored!
<special> ! /line{ gsw p2 p1 newpath x1 y1 moveto x2 y2 lineto stroke grest...
Non-PDF special ignored!
<special> ! /dashline{ gsw /dsize ed p2 p1 /r y2 y1 sub dup mul x2 x1 sub d...
Non-PDF special ignored!
<special> ! /carc{ gsw /arcend ed /arcstart ed /radius ed translate newpath...
Non-PDF special ignored!
<special> ! /dashcarc{ gsw /dsize ed /arcend ed /arcstart ed /radius ed tra...
Non-PDF special ignored!
<special> ! /vertex{ gs /dotsize ed translate newpath 0 0 dotsize 0 360 arc...
Non-PDF special ignored!
<special> ! /bcirc{ gsw /radius ed translate gsave 1 setgray newpath 0 0 ra...
Non-PDF special ignored!
<special> ! /gcirc{ gsw /gcolor ed /radius ed translate 1 setgray newpath 0...
Non-PDF special ignored!
<special> ! /ccirc1{ gsw /radius ed translate newpath 0 0 radius 0 360 arc ...
Non-PDF special ignored!
<special> ! /ccirc2{ gsw /radius ed translate newpath 0 0 radius 0 360 arc ...
Non-PDF special ignored!
<special> ! /box{ gsw p2 p1 abox stroke grestore } def 
Non-PDF special ignored!
<special> ! /bbox{ gsw p2 p1 gsave 1 setgray abox fill grestore abox stroke...
Non-PDF special ignored!
<special> ! /gbox{ gsw /gcolor ed p2 p1 1 setgray abox fill gcolor setgray ...
Non-PDF special ignored!
<special> ! /cbox1{ gsw p2 p1 abox fill grestore } def 
Non-PDF special ignored!
<special> ! /cbox2{ gsw p2 p1 abox stroke grestore } def 
Non-PDF special ignored!
<special> ! /triangle{ gsw p3 p2 p1 atriangle stroke grestore } def 
Non-PDF special ignored!
<special> ! /btriangle{ gsw p3 p2 p1 gsave 1 setgray atriangle fill grestor...
Non-PDF special ignored!
<special> ! /gbox{ gsw /gcolor ed p3 p2 p1 1 setgray atriangle fill gcolor ...
Non-PDF special ignored!
<special> ! /ctriangle1{ gsw p3 p2 p1 atriangle fill grestore } def 
Non-PDF special ignored!
<special> ! /ctriangle2{ gsw p3 p2 p1 atriangle stroke grestore } def 
Non-PDF special ignored!
<special> ! /btext{ gsw /fsize ed /thetext ed translate /hsize thetext stri...
Non-PDF special ignored!
<special> ! /b2text{ gsw /fsize ed /text2 ed /text1 ed translate /hsize1 te...
Non-PDF special ignored!
<special> ! /gtext{ gsw /fsize ed /thetext ed /graysc ed translate /hsize t...
Non-PDF special ignored!
<special> ! /ctext1{ gsw /fsize ed /thetext ed translate /hsize thetext str...
Non-PDF special ignored!
<special> ! /ctext2{ gsw /fsize ed /thetext ed translate /hsize thetext str...
Non-PDF special ignored!
<special> ! /g2text{ gsw /fsize ed /text2 ed /text1 ed /graysc ed translate...
Non-PDF special ignored!
<special> ! /c2text1{ gsw /fsize ed /text2 ed /text1 ed translate /hsize1 t...
Non-PDF special ignored!
<special> ! /c2text2{ gsw /fsize ed /text2 ed /text1 ed translate /hsize1 t...
Non-PDF special ignored!
<special> ! /ptext{ gs /text ed /fsize ed /mode ed 3 1 roll translate rotat...
Non-PDF special ignored!
<special> ! /goval{ gsw /gcolor ed /x1 ed /x2 ed /radius ed translate x1 ro...
Non-PDF special ignored!
<special> ! /coval1{ gsw /x1 ed /x2 ed /radius ed translate x1 rotate x2 ra...
Non-PDF special ignored!
<special> ! /coval2{ gsw /x1 ed /x2 ed /radius ed translate x1 rotate x2 ra...
Non-PDF special ignored!
<special> ! /oval{ gsw /x1 ed /x2 ed /radius ed translate x1 rotate x2 radi...
Non-PDF special ignored!
<special> ! /docurve{ x1 2 mul x2 add 3 div y1 y0 sub x1 x0 sub div x2 x0 s...
Non-PDF special ignored!
<special> ! /makecurve{ gsw /points ed /ss points length 2 idiv 2 mul def n...
Non-PDF special ignored!
<special> ! /makedashcurve{ gsw /dsize ed /points ed /ss points length 2 id...
Non-PDF special ignored!
<special> ! /pathlength{ flattenpath /dist 0 def { /yfirst ed /xfirst ed /y...
Non-PDF special ignored!
<special> ! /centerdash{ /pathlen pathlength def /jj pathlen dsize div 2.0 ...
Non-PDF special ignored!
<special> ! /logaxis{ gsw /offset ed /hashsize ed /nlogs ed p2 p1 x1 y1 tra...
Non-PDF special ignored!
<special> ! /linaxis{ gsw /offset ed /hashsize ed /perdec ed /numdec ed p2 ...


{C:/Users/User/AppData/Local/MiKTeX/2.9/pdftex/config/pdftex.map}])
(referat.toc
Underfull \hbox (badness 3068) in paragraph at lines 5--5
 [] [][]\T2A/cmr/bx/n/14.4 СОВРЕМЕННЫЕ ПРО-ГРАМ-МЫ МО-ДЕ-ЛИ-РО-ВА-НИЯ 
 []


Underfull \hbox (badness 10000) in paragraph at lines 5--5
 \T2A/cmr/bx/n/14.4 ПРО-ЦЕС-СОВ СТОЛК-НО-ВЕ-НИЯ ЭЛЕ-МЕН-ТАР-НЫХ 
 []

[2


])
\tf@toc=\write4
\openout4 = `referat.toc'.

 [3] (src/list-of-symbols.tex [4

]) [5]
\openout2 = `src/introduction.aux'.

 (src/introduction.tex [6


]) [7]
\openout2 = `src/general-description.aux'.


(src/general-description.tex
Underfull \hbox (badness 10000) in paragraph at lines 3--4

 []


Underfull \hbox (badness 1442) in paragraph at lines 5--12
\T2A/cmr/m/n/14.4 тех-но-ло-гииї Го-мель-ско-го го-су-дар-ствен-но-го тех-ни-че
-ско-го уни-вер-си-те-та
 []


Underfull \hbox (badness 1917) in paragraph at lines 5--12
\T2A/cmr/m/n/14.4 прав-ле-ни-ям фун-да-мен-таль-ных ис-сле-до-ва-ний в Рес-пуб-
ли-ки Бе-ла-русь.
 []


Underfull \hbox (badness 2469) in paragraph at lines 5--12
\T2A/cmr/m/n/14.4 рам-ках от-дель-но-го под-за-да-ния го-су-дар-ствен-ной про-г
рам-мы на-уч-ных
 []


Underfull \hbox (badness 10000) in paragraph at lines 5--12

 []


Underfull \hbox (badness 10000) in paragraph at lines 13--14

 []


Underfull \hbox (badness 10000) in paragraph at lines 30--35

 []

[8



]
Underfull \hbox (badness 10000) in paragraph at lines 36--37

 []

(C:\Users\User\AppData\Roaming\MiKTeX\2.9\tex/latex/ucs\uni-34.def
File: uni-34.def 2013/05/13 UCS: Unicode data U+2200..U+22FF
)
Underfull \hbox (badness 10000) in paragraph at lines 38--42

 []


Underfull \hbox (badness 10000) in paragraph at lines 43--44

 []


Underfull \hbox (badness 2781) in paragraph at lines 47--48
[]\T2A/cmr/m/n/14.4 имитационная мо-дель про-цес-са рож-де-ния $\OML/cmm/m/it/1
4.4 Z[]$\T2A/cmr/m/n/14.4 -бозонов в протон-
 []


! LaTeX Error: There's no line here to end.

See the LaTeX manual or LaTeX Companion for explanation.
Type  H <return>  for immediate help.
 ...                                              
                                                  
l.58 
     
Your command was ignored.
Type  I <command> <return>  to replace it with another command,
or  <return>  to continue without it.


Underfull \hbox (badness 10000) in paragraph at lines 59--60

 []


Underfull \hbox (badness 10000) in paragraph at lines 63--65

 []

[9]
Underfull \hbox (badness 10000) in paragraph at lines 66--67

 []


Underfull \hbox (badness 10000) in paragraph at lines 68--70

 []


Underfull \hbox (badness 10000) in paragraph at lines 71--72

 []


Underfull \hbox (badness 10000) in paragraph at lines 73--75

 []


Underfull \hbox (badness 10000) in paragraph at lines 76--77

 []

) [10]
\IeC {\CYRG }\IeC {\CYRL }\IeC {\CYRA }\IeC {\CYRV }\IeC {\CYRA } 1.
(src/2-2-Zprime.tex [11


]) [12] (src/soft-for-dev.tex
Underfull \hbox (badness 10000) in paragraph at lines 8--9
[]\T2A/cmr/m/n/14.4 Широкое ис-поль-зо-ва-ние платформенно-ориентированного ко-
да
 []

[13]
Underfull \hbox (badness 1776) in paragraph at lines 23--24
[]\T2A/cmr/m/n/14.4 Следующие успеш-ные про-ек-ты ре-а-ли-зо-ва-ны с при-вле-че
-ни-ем \T2A/cmr/m/it/14.4 Java
 []


Overfull \hbox (0.26546pt too wide) in paragraph at lines 23--24
\T2A/cmr/m/n/14.4 (\T2A/cmr/m/it/14.4 J2EE\T2A/cmr/m/n/14.4 ) тех-но-ло-гий: ѕ\
T2A/cmr/m/it/14.4 RuneScape\T2A/cmr/m/n/14.4 ї, ѕ\T2A/cmr/m/it/14.4 Amazon\T2A/
cmr/m/n/14.4 ї, ѕ\T2A/cmr/m/it/14.4 eBay\T2A/cmr/m/n/14.4 ї, ѕ\T2A/cmr/m/it/14.
4 LinkedIn\T2A/cmr/m/n/14.4 ї, ѕ\T2A/cmr/m/it/14.4 Yahoo!\T2A/cmr/m/n/14.4 ї. 
 []

[14]
Underfull \hbox (badness 1484) in paragraph at lines 39--40
\T2A/cmr/m/n/14.4 ко-то-рые по-том бы-ли пор-ти-ро-ва-ны на мно-гие язы-ки (на-
при-мер,
 []

[15]
Underfull \hbox (badness 1603) in paragraph at lines 56--57
[]\T2A/cmr/m/n/14.4 Между тем, осо-бен-но-сти яд-ра \T2A/cmr/m/it/14.4 Spring \
T2A/cmr/m/n/14.4 при-ме-ни-мы в лю-бом \T2A/cmr/m/it/14.4 Java\T2A/cmr/m/n/14.4
 -
 []

[16] [17] [18] [19]
Underfull \hbox (badness 1616) in paragraph at lines 107--108
\T2A/cmr/m/it/14.4 Amazon EC2 \T2A/cmr/m/n/14.4 пред-ла-га-ет боль-ше ти-пов и 
раз-ме-ров вы-чис-ли-тель-ных
 []

) (src/review-pythia.tex [20] [21]
Underfull \hbox (badness 3884) in paragraph at lines 86--90
[]\T2A/cmr/m/n/14.4 Этим ста-ди-ям от-ве-ча-ют три клас-са \T2A/cmr/m/it/14.4 P
rocessLevel\T2A/cmr/m/n/14.4 , \T2A/cmr/m/it/14.4 PartonLevel \T2A/cmr/m/n/14.4
 и
 []

[22]) (src/review-powheg.tex [23] [24] [25]) (src/review-sherpa.tex [26]
[27] [28]
LaTeX Font Info:    External font `cmex10' loaded for size
(Font)              <12> on input line 57.
LaTeX Font Info:    External font `cmex10' loaded for size
(Font)              <8> on input line 57.
LaTeX Font Info:    External font `cmex10' loaded for size
(Font)              <6> on input line 57.

Underfull \hbox (badness 10000) in paragraph at lines 61--61
[]\T2A/cmr/m/n/12 Время мо-ду-ля-ции
 []


Underfull \hbox (badness 4279) in paragraph at lines 64--64
[]\T2A/cmr/m/n/12 Сложно, так как необ-
 []


Underfull \hbox (badness 3158) in paragraph at lines 64--64
\T2A/cmr/m/n/12 хо-ди-мо уста-нав-ли-вать и
 []


Overfull \hbox (11.6638pt too wide) in paragraph at lines 59--67
[]  
 []

) (src/summary-1.tex [29pdfTeX warning (ext4): destination with the same identi
fier (name{table.1.1}) has been already used, duplicate ignored

\AtBegShi@Output ...ipout \box \AtBeginShipoutBox 
                                                  \fi \fi 
l.7 	\item[--]
               РїСЂРѕРµРєС‚РёСЂРѕРІР°РЅРёРµ Рё СЂР°Р·СЂР°Р±РѕС‚РєР° РїСЂРѕРі...
]) [30]
\IeC {\CYRG }\IeC {\CYRL }\IeC {\CYRA }\IeC {\CYRV }\IeC {\CYRA } 2.
(src/modeling.tex) (src/imitation-modeling.tex [31

] [32]
<figures/imitation-schema.png, id=385, 481.8pt x 176.66pt>
File: figures/imitation-schema.png Graphic file (type png)
<use figures/imitation-schema.png>
Package pdftex.def Info: figures/imitation-schema.png  used on input line 61.
(pdftex.def)             Requested size: 469.47046pt x 172.14441pt.
) (src/summary-2.tex)
[33pdfTeX warning (ext4): destination with the same identifier (name{figure.2.1
}) has been already used, duplicate ignored

\AtBegShi@Output ...ipout \box \AtBeginShipoutBox 
                                                  \fi \fi 
l.87 \chapter
             {Р Р°Р·СЂР°Р±РѕС‚РєР° РРњРРўРђР¦РРћРќРќРђРЇ РњРћР”Р•Р›Р¬ Рё ...
 <./figures/imitation-schema.png>]
\IeC {\CYRG }\IeC {\CYRL }\IeC {\CYRA }\IeC {\CYRV }\IeC {\CYRA } 3.

Underfull \hbox (badness 1337) in paragraph at lines 88--88
[]\T2A/cmr/bx/n/14.4 Процесс рож-де-ния $\OML/cmm/m/it/14.4 Z[]$ \T2A/cmr/bx/n/
14.4 - бо-зо-нов в протон-протонных
 []


Package hyperref Warning: Token not allowed in a PDF string (Unicode):
(hyperref)                removing `math shift' on input line 88.


Package hyperref Warning: Token not allowed in a PDF string (Unicode):
(hyperref)                removing `superscript' on input line 88.


Package hyperref Warning: Token not allowed in a PDF string (Unicode):
(hyperref)                removing `\prime' on input line 88.


Package hyperref Warning: Token not allowed in a PDF string (Unicode):
(hyperref)                removing `math shift' on input line 88.


Package hyperref Warning: Token not allowed in a PDF string (Unicode):
(hyperref)                removing `math shift' on input line 88.


Package hyperref Warning: Token not allowed in a PDF string (Unicode):
(hyperref)                removing `math shift' on input line 88.


Package hyperref Warning: Token not allowed in a PDF string (Unicode):
(hyperref)                removing `math shift' on input line 88.


Package hyperref Warning: Token not allowed in a PDF string (Unicode):
(hyperref)                removing `superscript' on input line 88.


Package hyperref Warning: Token not allowed in a PDF string (Unicode):
(hyperref)                removing `\prime' on input line 88.


Package hyperref Warning: Token not allowed in a PDF string (Unicode):
(hyperref)                removing `math shift' on input line 88.

(src/2-1-Zprime.tex [34

] [35]
<figures/hep-sm.png, id=418, 436.63126pt x 323.2075pt>
File: figures/hep-sm.png Graphic file (type png)
<use figures/hep-sm.png>
Package pdftex.def Info: figures/hep-sm.png  used on input line 30.
(pdftex.def)             Requested size: 469.47046pt x 347.51526pt.
 [36pdfTeX warning (ext4): destination with the same identifier (name{figure.3.
1}) has been already used, duplicate ignored

\AtBegShi@Output ...ipout \box \AtBeginShipoutBox 
                                                  \fi \fi 
l.36 Р’
        XIX РІРµРєРµ С„РёР·РёРєРё РѕР±РЅР°СЂСѓР¶РёР»Рё, С‡С‚Рѕ СЌР»РµРєС‚СЂР...
 <./figures/hep-sm.png>] [37]
<figures/quirk-antiquirk.jpg, id=432, 423.5825pt x 271.0125pt>
File: figures/quirk-antiquirk.jpg Graphic file (type jpg)
<use figures/quirk-antiquirk.jpg>
Package pdftex.def Info: figures/quirk-antiquirk.jpg  used on input line 52.
(pdftex.def)             Requested size: 469.47046pt x 300.38493pt.


LaTeX Warning: `h' float specifier changed to `ht'.

[38] [39pdfTeX warning (ext4): destination with the same identifier (name{figur
e.3.2}) has been already used, duplicate ignored

\AtBegShi@Output ...ipout \box \AtBeginShipoutBox 
                                                  \fi \fi 
l.67 
      <./figures/quirk-antiquirk.jpg>] [40]) (src/2-3-Zprime.tex [41] [42]
Underfull \hbox (badness 1127) in paragraph at lines 21--22
[]\T2A/cmr/m/n/14.4 Процессы пар-но-го рож-де-ния за-ря-жен-ных $\OML/cmm/m/it/
14.4 W[]$\T2A/cmr/m/n/14.4 -бозонов в ад-рон-ных
 []

[43]
Underfull \hbox (badness 4872) in paragraph at lines 35--36
[]\T2A/cmr/m/n/14.4 Из ана-ли-за экс-пе-ри-мен-таль-ных дан-ных по из-ме-ре-нию
 про-цес-са
 []

[44]
Underfull \hbox (badness 1565) in paragraph at lines 39--40
[]\T2A/cmr/m/n/14.4 Возможности кол-лай-де-ра \T2A/cmr/m/it/14.4 LНС \T2A/cmr/m
/n/14.4 по об-на-ру-же-нию эф-фек-тов $\OML/cmm/m/it/14.4 Z$$\OMS/cmsy/m/n/14.4
  $$\OML/cmm/m/it/14.4 Z[]$\T2A/cmr/m/n/14.4 -
 []


Underfull \hbox (badness 4013) in paragraph at lines 39--40
\T2A/cmr/m/n/14.4 смешивания в про-цес-се рож-де-ния пар за-ря-жен-ных ка-либ-р
о-воч-ных
 []

) (src/block-schema.tex
<figures/ui-schema.png, id=484, 483.8075pt x 465.74pt>
File: figures/ui-schema.png Graphic file (type png)
<use figures/ui-schema.png>
Package pdftex.def Info: figures/ui-schema.png  used on input line 6.
(pdftex.def)             Requested size: 469.47046pt x 451.95914pt.


LaTeX Warning: `!h' float specifier changed to `!ht'.

) [45] (src/web-app-dev.tex [46pdfTeX warning (ext4): destination with the same
 identifier (name{figure.3.3}) has been already used, duplicate ignored

\AtBegShi@Output ...ipout \box \AtBeginShipoutBox 
                                                  \fi \fi 
l.5 
     <./figures/ui-schema.png>]
Underfull \hbox (badness 1527) in paragraph at lines 6--12
\T2A/cmr/m/n/14.4 ин-тер-фей-сов, в первую оче-редь упо-ми-на-ют тер-мин \T2A/c
mr/m/it/14.4 Human-Computer
 []

[47]
<figures/welcome-page.png, id=504, 481.8pt x 190.7125pt>
File: figures/welcome-page.png Graphic file (type png)
<use figures/welcome-page.png>
Package pdftex.def Info: figures/welcome-page.png  used on input line 66.
(pdftex.def)             Requested size: 469.47046pt x 185.8377pt.
 [48pdfTeX warning (ext4): destination with the same identifier (name{figure.3.
4}) has been already used, duplicate ignored

\AtBegShi@Output ...ipout \box \AtBeginShipoutBox 
                                                  \fi \fi 
l.74 
      <./figures/welcome-page.png>]
<figures/menu.png, id=511, 255.95625pt x 324.21124pt>
File: figures/menu.png Graphic file (type png)
<use figures/menu.png>
Package pdftex.def Info: figures/menu.png  used on input line 79.
(pdftex.def)             Requested size: 234.73523pt x 297.33307pt.
 [49pdfTeX warning (ext4): destination with the same identifier (name{figure.3.
5}) has been already used, duplicate ignored

\AtBegShi@Output ...ipout \box \AtBeginShipoutBox 
                                                  \fi \fi 
l.85 
      <./figures/menu.png>]
<figures/request-line.png, id=519, 491.8375pt x 141.52875pt>
File: figures/request-line.png Graphic file (type png)
<use figures/request-line.png>
Package pdftex.def Info: figures/request-line.png  used on input line 102.
(pdftex.def)             Requested size: 469.47046pt x 135.09724pt.
 [50pdfTeX warning (ext4): destination with the same identifier (name{figure.3.
6}) has been already used, duplicate ignored

\AtBegShi@Output ...ipout \box \AtBeginShipoutBox 
                                                  \fi \fi 
l.112 
       <./figures/request-line.png>]
<figures/preferences.png, id=526, 481.8pt x 98.3675pt>
File: figures/preferences.png Graphic file (type png)
<use figures/preferences.png>
Package pdftex.def Info: figures/preferences.png  used on input line 125.
(pdftex.def)             Requested size: 469.47046pt x 95.8531pt.
 [51pdfTeX warning (ext4): destination with the same identifier (name{figure.3.
7}) has been already used, duplicate ignored

\AtBegShi@Output ...ipout \box \AtBeginShipoutBox 
                                                  \fi \fi 
l.131 
       <./figures/preferences.png>]
<figures/offline-calc.png, id=533, 186.6975pt x 127.47626pt>
File: figures/offline-calc.png Graphic file (type png)
<use figures/offline-calc.png>
Package pdftex.def Info: figures/offline-calc.png  used on input line 136.
(pdftex.def)             Requested size: 187.78531pt x 128.22481pt.
<figures/request-point.png, id=535, 481.8pt x 171.64125pt>
File: figures/request-point.png Graphic file (type png)
<use figures/request-point.png>
Package pdftex.def Info: figures/request-point.png  used on input line 146.
(pdftex.def)             Requested size: 469.47046pt x 167.25392pt.
 [52pdfTeX warning (ext4): destination with the same identifier (name{figure.3.
8}) has been already used, duplicate ignored

\AtBegShi@Output ...ipout \box \AtBeginShipoutBox 
                                                  \fi \fi 
l.152 
      pdfTeX warning (ext4): destination with the same identifier (name{figure.
3.9}) has been already used, duplicate ignored

\AtBegShi@Output ...ipout \box \AtBeginShipoutBox 
                                                  \fi \fi 
l.152 
       <./figures/offline-calc.png> <./figures/request-point.png>]
<figures/progress.png, id=543, 421.575pt x 214.8025pt>
File: figures/progress.png Graphic file (type png)
<use figures/progress.png>
Package pdftex.def Info: figures/progress.png  used on input line 155.
(pdftex.def)             Requested size: 469.47046pt x 239.21039pt.
<figures/graph-1.png, id=545, 481.8pt x 306.14375pt>
File: figures/graph-1.png Graphic file (type png)
<use figures/graph-1.png>
Package pdftex.def Info: figures/graph-1.png  used on input line 168.
(pdftex.def)             Requested size: 469.47046pt x 298.31844pt.


LaTeX Warning: `!h' float specifier changed to `!ht'.

[53pdfTeX warning (ext4): destination with the same identifier (name{figure.3.1
0}) has been already used, duplicate ignored

\AtBegShi@Output ...ipout \box \AtBeginShipoutBox 
                                                  \fi \fi 
l.175 Рџ
        СЂРµРґСЃС‚Р°РІР»РµРЅРЅС‹Р№ РЅР° СЂРёСЃСѓРЅРєРµ~\ref{fig:graph-1} РіС...
 <./figures/progress.png>]
<figures/graph-result.png, id=557, 481.8pt x 316.18124pt>
File: figures/graph-result.png Graphic file (type png)
<use figures/graph-result.png>
Package pdftex.def Info: figures/graph-result.png  used on input line 185.
(pdftex.def)             Requested size: 469.47046pt x 308.09937pt.


LaTeX Warning: `!h' float specifier changed to `!ht'.

[54pdfTeX warning (ext4): destination with the same identifier (name{figure.3.1
1}) has been already used, duplicate ignored

\AtBegShi@Output ...ipout \box \AtBeginShipoutBox 
                                                  \fi \fi 
l.191 
       <./figures/graph-1.png>]
<figures/language-switch.png, id=564, 153.57375pt x 193.72375pt>
File: figures/language-switch.png Graphic file (type png)
<use figures/language-switch.png>
Package pdftex.def Info: figures/language-switch.png  used on input line 195.
(pdftex.def)             Requested size: 140.84256pt x 177.67523pt.
) (src/summary-3.tex [55pdfTeX warning (ext4): destination with the same identi
fier (name{figure.3.12}) has been already used, duplicate ignored

\AtBegShi@Output ...ipout \box \AtBeginShipoutBox 
                                                  \fi \fi 
l.4 \begin{enumerate}
                     pdfTeX warning (ext4): destination with the same identifie
r (name{figure.3.13}) has been already used, duplicate ignored

\AtBegShi@Output ...ipout \box \AtBeginShipoutBox 
                                                  \fi \fi 
l.4 \begin{enumerate}
                      <./figures/graph-result.png> <./figures/language-switch.p
ng>]) [56]
\IeC {\CYRG }\IeC {\CYRL }\IeC {\CYRA }\IeC {\CYRV }\IeC {\CYRA } 4.
(src/verify-section.tex
Underfull \hbox (badness 1867) in paragraph at lines 1--2
[]\T2A/cmr/m/n/14.4 Для ве-ри-фи-ка-ции вы-чис-ле-ний при-ло-же-ния ис-поль-зо-
ва-лись ста-тьи
 []

[57

]
<figures/graph-1-verify.png, id=586, 481.8pt x 301.125pt>
File: figures/graph-1-verify.png Graphic file (type png)
<use figures/graph-1-verify.png>
Package pdftex.def Info: figures/graph-1-verify.png  used on input line 17.
(pdftex.def)             Requested size: 469.47046pt x 293.42796pt.
 [58pdfTeX warning (ext4): destination with the same identifier (name{figure.4.
1}) has been already used, duplicate ignored

\AtBegShi@Output ...ipout \box \AtBeginShipoutBox 
                                                  \fi \fi 
l.30 
      <./figures/graph-1-verify.png>]
<figures/verify-1.png, id=597, 461.725pt x 519.9425pt>
File: figures/verify-1.png Graphic file (type png)
<use figures/verify-1.png>
Package pdftex.def Info: figures/verify-1.png  used on input line 39.
(pdftex.def)             Requested size: 469.47046pt x 528.66827pt.


LaTeX Warning: `!h' float specifier changed to `!ht'.

[59] [60pdfTeX warning (ext4): destination with the same identifier (name{figur
e.4.2}) has been already used, duplicate ignored

\AtBegShi@Output ...ipout \box \AtBeginShipoutBox 
                                                  \fi \fi 
l.45 
      <./figures/verify-1.png>]
<figures/verify-2.png, id=609, 461.725pt x 513.92pt>
File: figures/verify-2.png Graphic file (type png)
<use figures/verify-2.png>
Package pdftex.def Info: figures/verify-2.png  used on input line 48.
(pdftex.def)             Requested size: 469.47046pt x 522.54468pt.
 [61pdfTeX warning (ext4): destination with the same identifier (name{figure.4.
3}) has been already used, duplicate ignored

\AtBegShi@Output ...ipout \box \AtBeginShipoutBox 
                                                  \fi \fi 
l.56 
      <./figures/verify-2.png>]) (src/analysis-of-verification.tex
<figures/input-empty.png, id=623, 178.6675pt x 46.1725pt>
File: figures/input-empty.png Graphic file (type png)
<use figures/input-empty.png>
Package pdftex.def Info: figures/input-empty.png  used on input line 7.
(pdftex.def)             Requested size: 234.73523pt x 60.66533pt.
<figures/input-invalid.png, id=625, 165.61874pt x 67.25125pt>
File: figures/input-invalid.png Graphic file (type png)
<use figures/input-invalid.png>
Package pdftex.def Info: figures/input-invalid.png  used on input line 16.
(pdftex.def)             Requested size: 234.73523pt x 95.3209pt.
 [62pdfTeX warning (ext4): destination with the same identifier (name{figure.4.
4}) has been already used, duplicate ignored

\AtBegShi@Output ...ipout \box \AtBeginShipoutBox 
                                                  \fi \fi 
l.22 
     pdfTeX warning (ext4): destination with the same identifier (name{figure.4
.5}) has been already used, duplicate ignored

\AtBegShi@Output ...ipout \box \AtBeginShipoutBox 
                                                  \fi \fi 
l.22 
      <./figures/input-empty.png> <./figures/input-invalid.png>]
<figures/validation-code.png, id=633, 481.8pt x 112.42pt>
File: figures/validation-code.png Graphic file (type png)
<use figures/validation-code.png>
Package pdftex.def Info: figures/validation-code.png  used on input line 25.
(pdftex.def)             Requested size: 469.47046pt x 109.54643pt.
<figures/cache.png, id=635, 481.8pt x 35.13126pt>
File: figures/cache.png Graphic file (type png)
<use figures/cache.png>
Package pdftex.def Info: figures/cache.png  used on input line 38.
(pdftex.def)             Requested size: 469.47046pt x 34.23325pt.
 [63pdfTeX warning (ext4): destination with the same identifier (name{figure.4.
6}) has been already used, duplicate ignored

\AtBegShi@Output ...ipout \box \AtBeginShipoutBox 
                                                  \fi \fi 
l.48 
     pdfTeX warning (ext4): destination with the same identifier (name{figure.4
.7}) has been already used, duplicate ignored

\AtBegShi@Output ...ipout \box \AtBeginShipoutBox 
                                                  \fi \fi 
l.48 
      <./figures/validation-code.png> <./figures/cache.png>]
<figures/elasti-cache.png, id=643, 476.78125pt x 233.87375pt>
File: figures/elasti-cache.png Graphic file (type png)
<use figures/elasti-cache.png>
Package pdftex.def Info: figures/elasti-cache.png  used on input line 51.
(pdftex.def)             Requested size: 469.47046pt x 230.30095pt.
)
(src/experiment.tex) (src/summary-4.tex [64pdfTeX warning (ext4): destination w
ith the same identifier (name{figure.4.8}) has been already used, duplicate ign
ored

\AtBegShi@Output ...ipout \box \AtBeginShipoutBox 
                                                  \fi \fi 
l.4 
     <./figures/elasti-cache.png>]) [65] (src/conclusion.tex) [66

]
Underfull \hbox (badness 10000) in paragraph at lines 116--116

 []

(src/thebib.tex
Underfull \hbox (badness 2205) in paragraph at lines 9--13
[]\T2A/cmr/m/n/14.4 Official documentation [Элек-трон-ный ре-сурс].  Ре-жим до
-сту-
 []


Underfull \hbox (badness 10000) in paragraph at lines 48--53
[]\T2A/cmr/m/n/14.4 Н. В. Крас-ни-ков, В. А. Мат-ве-ев. По-иск но-вой фи-зи-
 []


Underfull \hbox (badness 10000) in paragraph at lines 48--53
\T2A/cmr/m/n/14.4 ки на LHC [Элек-трон-ный ре-сурс].  Ре-жим до-сту-па:
 []


Underfull \hbox (badness 4378) in paragraph at lines 55--59
[]\T2A/cmr/m/n/14.4 Слабое вза-и-мо-дей-ствие [Элек-трон-ный ре-сурс].  Ре-жим
 до-
 []


Underfull \hbox (badness 1137) in paragraph at lines 55--59
\T2A/cmr/m/n/14.4 сту-па: http://nuclphys.sinp.msu.ru/enc/e149.htm  Да-та до-с
ту-па:
 []

(C:\Users\User\AppData\Roaming\MiKTeX\2.9\tex/latex/ucs\uni-33.def
File: uni-33.def 2013/05/13 UCS: Unicode data U+2100..U+21FF
) [67

])
Underfull \hbox (badness 10000) in paragraph at lines 120--121

 []

[68] [69]
\openout2 = `src/attachment-1.aux'.

 (src/attachment-1.tex
LaTeX Font Info:    Try loading font information for T2A+cmtt on input line 13.


("D:\Soft\MiKTeX 2.9\tex/latex/cyrillic\t2acmtt.fd"
File: t2acmtt.fd 2001/08/11 v1.0a Computer Modern Cyrillic font definitions
)
Overfull \hbox (155.66826pt too wide) in paragraph at lines 42--43
[][][][][][][][][][][][][][][][][]  
 []

[70


]
Overfull \hbox (155.66826pt too wide) in paragraph at lines 65--66
[][][][][][][][][][][][][][][][][]  
 []


Overfull \hbox (30.42674pt too wide) in paragraph at lines 70--71
[][][][][][][][][][][][][][] 
 []


Overfull \hbox (225.82927pt too wide) in paragraph at lines 74--75
[][][][][][][][][][][][][][][][][]  
 []

[71]
Overfull \hbox (100.58775pt too wide) in paragraph at lines 77--78
[][][][][][][][][][][][][][][] 
 []

) [72]
Package atveryend Info: Empty hook `BeforeClearDocument' on input line 129.
Package atveryend Info: Empty hook `AfterLastShipout' on input line 129.
 (referat.aux (src/title_referat.aux) (src/introduction.aux)
(src/general-description.aux) (src/attachment-1.aux))
Package atveryend Info: Executing hook `AtVeryEndDocument' on input line 129.
Package atveryend Info: Executing hook `AtEndAfterFileList' on input line 129.
Package rerunfilecheck Info: File `referat.out' has not changed.
(rerunfilecheck)             Checksum: 6EE5E88C7E6F5F3A94D570A57BC03154;9498.


LaTeX Warning: Label(s) may have changed. Rerun to get cross-references right.

Package atveryend Info: Empty hook `AtVeryVeryEnd' on input line 129.
 ) 
Here is how much of TeX's memory you used:
 15077 strings out of 492895
 202992 string characters out of 3137659
 353195 words of memory out of 3000000
 18436 multiletter control sequences out of 15000+200000
 17324 words of font info for 44 fonts, out of 3000000 for 9000
 1141 hyphenation exceptions out of 8191
 32i,10n,40p,3753b,1870s stack positions out of 5000i,500n,10000p,200000b,50000s
 <C:\Users\User\AppData\Local\MiKTeX\2.9\fonts/pk/ljfour/lh/lh-t2a/dpi600\lat
t1440.pk> <C:\Users\User\AppData\Local\MiKTeX\2.9\fonts/pk/ljfour/lh/lh-t2a/dpi
600\labx1200.pk> <C:\Users\User\AppData\Local\MiKTeX\2.9\fonts/pk/ljfour/lh/lh-
t2a/dpi600\lati1200.pk> <C:\Users\User\AppData\Local\MiKTeX\2.9\fonts/pk/ljfour
/lh/lh-t2a/dpi600\labi1440.pk> <C:\Users\User\AppData\Local\MiKTeX\2.9\fonts/pk
/ljfour/lh/lh-t2a/dpi600\larm1200.pk> <C:\Users\User\AppData\Local\MiKTeX\2.9\f
onts/pk/ljfour/lh/lh-t2a/dpi600\lati1440.pk> <C:\Users\User\AppData\Local\MiKTe
X\2.9\fonts/pk/ljfour/lh/lh-t2a/dpi600\labx1440.pk> <C:\Users\User\AppData\Loca
l\MiKTeX\2.9\fonts/pk/ljfour/lh/lh-t2a/dpi600\larm1440.pk><D:/Soft/MiKTeX 2.9/f
onts/type1/public/amsfonts/cm/cmex10.pfb><D:/Soft/MiKTeX 2.9/fonts/type1/public
/amsfonts/cm/cmmi10.pfb><D:/Soft/MiKTeX 2.9/fonts/type1/public/amsfonts/cm/cmmi
12.pfb><D:/Soft/MiKTeX 2.9/fonts/type1/public/amsfonts/cm/cmmi7.pfb><D:/Soft/Mi
KTeX 2.9/fonts/type1/public/amsfonts/cm/cmmi8.pfb><D:/Soft/MiKTeX 2.9/fonts/typ
e1/public/amsfonts/cm/cmr10.pfb><D:/Soft/MiKTeX 2.9/fonts/type1/public/amsfonts
/cm/cmr12.pfb><D:/Soft/MiKTeX 2.9/fonts/type1/public/amsfonts/cm/cmr7.pfb><D:/S
oft/MiKTeX 2.9/fonts/type1/public/amsfonts/cm/cmr8.pfb><D:/Soft/MiKTeX 2.9/font
s/type1/public/amsfonts/cm/cmsy10.pfb><D:/Soft/MiKTeX 2.9/fonts/type1/public/am
sfonts/cm/cmsy6.pfb><D:/Soft/MiKTeX 2.9/fonts/type1/public/amsfonts/cm/cmsy7.pf
b><D:/Soft/MiKTeX 2.9/fonts/type1/public/amsfonts/cm/cmsy8.pfb>
Output written on referat.pdf (72 pages, 1202043 bytes).
PDF statistics:
 1403 PDF objects out of 1440 (max. 8388607)
 273 named destinations out of 1000 (max. 500000)
 327 words of extra memory for PDF output out of 10000 (max. 10000000)

